<?xml version="1.0" encoding="UTF-8"?>
<testng-results skipped="0" failed="0" ignored="0" total="1" passed="1">
  <reporter-output>
  </reporter-output>
  <suite name="Default suite" duration-ms="33529" started-at="2019-12-14T16:37:36 IST" finished-at="2019-12-14T16:38:09 IST">
    <groups>
    </groups>
    <test name="Default test" duration-ms="33529" started-at="2019-12-14T16:37:36 IST" finished-at="2019-12-14T16:38:09 IST">
      <class name="org.tc001check.TestClass">
        <test-method status="PASS" signature="loginApp()[pri:0, instance:org.tc001check.TestClass@614ddd49]" name="loginApp" is-config="true" duration-ms="14083" started-at="2019-12-14T16:37:36 IST" finished-at="2019-12-14T16:37:50 IST">
          <reporter-output>
          </reporter-output>
        </test-method> <!-- loginApp -->
        <test-method status="PASS" signature="getIntoPage()[pri:0, instance:org.tc001check.TestClass@614ddd49]" name="getIntoPage" duration-ms="19147" started-at="2019-12-14T16:37:50 IST" finished-at="2019-12-14T16:38:09 IST">
          <reporter-output>
          </reporter-output>
        </test-method> <!-- getIntoPage -->
        <test-method status="PASS" signature="logout()[pri:0, instance:org.tc001check.TestClass@614ddd49]" name="logout" is-config="true" duration-ms="166" started-at="2019-12-14T16:38:09 IST" finished-at="2019-12-14T16:38:09 IST">
          <reporter-output>
          </reporter-output>
        </test-method> <!-- logout -->
      </class> <!-- org.tc001check.TestClass -->
    </test> <!-- Default test -->
  </suite> <!-- Default suite -->
</testng-results>
